<?xml version="1.0" encoding="UTF-8"?>
<!-- Generated by org.testng.reporters.JUnitReportReporter -->
<testsuite hostname="tcs130522" failures="0" tests="1" name="tests.LoginTest" time="3.538" errors="0" timestamp="2025-08-10T11:21:56 IST" skipped="0">
  <testcase classname="tests.LoginTest" name="testLogin" time="3.538"/>
</testsuite> <!-- tests.LoginTest -->
